<?xml version="1.0" encoding="UTF-8"?>
<coverage generated="1772907597733" clover="3.2.0">
  <project timestamp="1772907597733" name="All files">
    <metrics statements="304" coveredstatements="251" conditionals="139" coveredconditionals="81" methods="32" coveredmethods="26" elements="475" coveredelements="358" complexity="0" loc="304" ncloc="304" packages="1" files="1" classes="1"/>
    <file name="index.js" path="/home/jfoster/projects/lunch-bunch/functions/index.js">
      <metrics statements="304" coveredstatements="251" conditionals="139" coveredconditionals="81" methods="32" coveredmethods="26"/>
      <line num="1" count="1" type="stmt"/>
      <line num="2" count="1" type="stmt"/>
      <line num="3" count="1" type="stmt"/>
      <line num="4" count="1" type="stmt"/>
      <line num="5" count="1" type="stmt"/>
      <line num="6" count="1" type="stmt"/>
      <line num="7" count="1" type="stmt"/>
      <line num="8" count="1" type="stmt"/>
      <line num="9" count="1" type="stmt"/>
      <line num="11" count="1" type="stmt"/>
      <line num="12" count="1" type="stmt"/>
      <line num="13" count="1" type="stmt"/>
      <line num="14" count="1" type="stmt"/>
      <line num="15" count="1" type="stmt"/>
      <line num="18" count="26" type="stmt"/>
      <line num="26" count="1" type="stmt"/>
      <line num="31" count="7" type="stmt"/>
      <line num="32" count="7" type="cond" truecount="2" falsecount="0"/>
      <line num="34" count="7" type="cond" truecount="5" falsecount="0"/>
      <line num="35" count="1" type="stmt"/>
      <line num="36" count="1" type="stmt"/>
      <line num="39" count="6" type="stmt"/>
      <line num="40" count="6" type="cond" truecount="2" falsecount="0"/>
      <line num="41" count="1" type="stmt"/>
      <line num="42" count="1" type="stmt"/>
      <line num="45" count="5" type="stmt"/>
      <line num="46" count="5" type="cond" truecount="2" falsecount="0"/>
      <line num="47" count="1" type="stmt"/>
      <line num="48" count="1" type="stmt"/>
      <line num="50" count="4" type="cond" truecount="1" falsecount="1"/>
      <line num="52" count="4" type="stmt"/>
      <line num="57" count="4" type="stmt"/>
      <line num="59" count="4" type="cond" truecount="2" falsecount="0"/>
      <line num="60" count="1" type="stmt"/>
      <line num="61" count="1" type="stmt"/>
      <line num="64" count="3" type="stmt"/>
      <line num="65" count="3" type="cond" truecount="1" falsecount="2"/>
      <line num="67" count="3" type="cond" truecount="2" falsecount="0"/>
      <line num="68" count="1" type="stmt"/>
      <line num="69" count="1" type="stmt"/>
      <line num="70" count="1" type="stmt"/>
      <line num="74" count="2" type="stmt"/>
      <line num="84" count="2" type="stmt"/>
      <line num="87" count="2" type="stmt"/>
      <line num="88" count="2" type="stmt"/>
      <line num="90" count="1" type="stmt"/>
      <line num="93" count="2" type="stmt"/>
      <line num="104" count="3" type="stmt"/>
      <line num="112" count="4" type="stmt"/>
      <line num="123" count="1" type="stmt"/>
      <line num="129" count="5" type="stmt"/>
      <line num="130" count="5" type="stmt"/>
      <line num="131" count="5" type="stmt"/>
      <line num="133" count="5" type="stmt"/>
      <line num="134" count="5" type="cond" truecount="2" falsecount="0"/>
      <line num="135" count="1" type="stmt"/>
      <line num="136" count="1" type="stmt"/>
      <line num="138" count="4" type="stmt"/>
      <line num="139" count="4" type="cond" truecount="1" falsecount="1"/>
      <line num="140" count="4" type="cond" truecount="1" falsecount="1"/>
      <line num="142" count="4" type="cond" truecount="2" falsecount="0"/>
      <line num="143" count="1" type="stmt"/>
      <line num="144" count="1" type="stmt"/>
      <line num="147" count="3" type="stmt"/>
      <line num="149" count="3" type="stmt"/>
      <line num="150" count="3" type="stmt"/>
      <line num="153" count="3" type="stmt"/>
      <line num="154" count="3" type="stmt"/>
      <line num="155" count="3" type="stmt"/>
      <line num="157" count="3" type="stmt"/>
      <line num="188" count="4" type="stmt"/>
      <line num="195" count="3" type="stmt"/>
      <line num="196" count="4" type="stmt"/>
      <line num="197" count="2" type="stmt"/>
      <line num="201" count="1" type="cond" truecount="1" falsecount="1"/>
      <line num="212" count="7" type="stmt"/>
      <line num="224" count="6" type="stmt"/>
      <line num="225" count="6" type="stmt"/>
      <line num="227" count="6" type="cond" truecount="1" falsecount="1"/>
      <line num="234" count="6" type="stmt"/>
      <line num="246" count="9" type="stmt"/>
      <line num="247" count="9" type="stmt"/>
      <line num="248" count="9" type="stmt"/>
      <line num="249" count="9" type="stmt"/>
      <line num="250" count="9" type="stmt"/>
      <line num="260" count="6" type="stmt"/>
      <line num="267" count="6" type="stmt"/>
      <line num="268" count="6" type="cond" truecount="2" falsecount="2"/>
      <line num="270" count="6" type="stmt"/>
      <line num="271" count="7" type="stmt"/>
      <line num="274" count="6" type="stmt"/>
      <line num="275" count="6" type="stmt"/>
      <line num="276" count="7" type="stmt"/>
      <line num="277" count="7" type="cond" truecount="1" falsecount="1"/>
      <line num="278" count="7" type="stmt"/>
      <line num="279" count="7" type="cond" truecount="1" falsecount="1"/>
      <line num="280" count="7" type="stmt"/>
      <line num="281" count="7" type="cond" truecount="2" falsecount="0"/>
      <line num="282" count="6" type="cond" truecount="2" falsecount="0"/>
      <line num="285" count="5" type="cond" truecount="2" falsecount="0"/>
      <line num="286" count="4" type="cond" truecount="2" falsecount="0"/>
      <line num="287" count="4" type="cond" truecount="2" falsecount="0"/>
      <line num="290" count="3" type="stmt"/>
      <line num="293" count="6" type="stmt"/>
      <line num="294" count="6" type="stmt"/>
      <line num="302" count="6" type="cond" truecount="4" falsecount="0"/>
      <line num="303" count="1" type="stmt"/>
      <line num="304" count="1" type="stmt"/>
      <line num="307" count="5" type="stmt"/>
      <line num="308" count="5" type="stmt"/>
      <line num="309" count="5" type="stmt"/>
      <line num="310" count="5" type="stmt"/>
      <line num="311" count="7" type="stmt"/>
      <line num="314" count="5" type="stmt"/>
      <line num="315" count="7" type="stmt"/>
      <line num="316" count="7" type="stmt"/>
      <line num="329" count="6" type="stmt"/>
      <line num="333" count="1" type="stmt"/>
      <line num="340" count="1" type="stmt"/>
      <line num="346" count="2" type="stmt"/>
      <line num="347" count="2" type="stmt"/>
      <line num="348" count="2" type="stmt"/>
      <line num="350" count="2" type="stmt"/>
      <line num="353" count="2" type="stmt"/>
      <line num="354" count="2" type="stmt"/>
      <line num="355" count="1" type="stmt"/>
      <line num="356" count="1" type="stmt"/>
      <line num="357" count="1" type="cond" truecount="1" falsecount="1"/>
      <line num="358" count="1" type="cond" truecount="1" falsecount="1"/>
      <line num="361" count="1" type="stmt"/>
      <line num="363" count="1" type="cond" truecount="1" falsecount="1"/>
      <line num="366" count="0" type="stmt"/>
      <line num="371" count="0" type="stmt"/>
      <line num="372" count="0" type="cond" truecount="0" falsecount="5"/>
      <line num="373" count="0" type="stmt"/>
      <line num="374" count="0" type="stmt"/>
      <line num="378" count="0" type="stmt"/>
      <line num="379" count="0" type="cond" truecount="0" falsecount="2"/>
      <line num="380" count="0" type="stmt"/>
      <line num="382" count="0" type="stmt"/>
      <line num="383" count="0" type="stmt"/>
      <line num="386" count="0" type="cond" truecount="0" falsecount="2"/>
      <line num="387" count="0" type="stmt"/>
      <line num="390" count="0" type="stmt"/>
      <line num="391" count="0" type="cond" truecount="0" falsecount="2"/>
      <line num="392" count="0" type="cond" truecount="0" falsecount="4"/>
      <line num="393" count="0" type="stmt"/>
      <line num="395" count="0" type="stmt"/>
      <line num="403" count="0" type="stmt"/>
      <line num="404" count="0" type="stmt"/>
      <line num="409" count="2" type="stmt"/>
      <line num="415" count="1" type="stmt"/>
      <line num="421" count="3" type="stmt"/>
      <line num="422" count="3" type="stmt"/>
      <line num="423" count="3" type="stmt"/>
      <line num="425" count="3" type="stmt"/>
      <line num="427" count="3" type="stmt"/>
      <line num="428" count="3" type="stmt"/>
      <line num="429" count="2" type="stmt"/>
      <line num="430" count="2" type="stmt"/>
      <line num="431" count="2" type="cond" truecount="1" falsecount="1"/>
      <line num="432" count="2" type="cond" truecount="1" falsecount="1"/>
      <line num="434" count="2" type="cond" truecount="1" falsecount="1"/>
      <line num="437" count="0" type="stmt"/>
      <line num="442" count="0" type="stmt"/>
      <line num="443" count="0" type="cond" truecount="0" falsecount="5"/>
      <line num="444" count="0" type="stmt"/>
      <line num="445" count="0" type="stmt"/>
      <line num="449" count="0" type="stmt"/>
      <line num="452" count="0" type="stmt"/>
      <line num="460" count="0" type="cond" truecount="0" falsecount="2"/>
      <line num="461" count="0" type="stmt"/>
      <line num="462" count="0" type="stmt"/>
      <line num="466" count="0" type="stmt"/>
      <line num="467" count="0" type="stmt"/>
      <line num="468" count="0" type="stmt"/>
      <line num="469" count="0" type="cond" truecount="0" falsecount="2"/>
      <line num="470" count="0" type="cond" truecount="0" falsecount="2"/>
      <line num="473" count="0" type="cond" truecount="0" falsecount="2"/>
      <line num="474" count="0" type="stmt"/>
      <line num="475" count="0" type="stmt"/>
      <line num="479" count="0" type="stmt"/>
      <line num="480" count="0" type="stmt"/>
      <line num="481" count="0" type="stmt"/>
      <line num="482" count="0" type="stmt"/>
      <line num="483" count="0" type="stmt"/>
      <line num="484" count="0" type="stmt"/>
      <line num="487" count="0" type="stmt"/>
      <line num="488" count="0" type="cond" truecount="0" falsecount="2"/>
      <line num="489" count="0" type="stmt"/>
      <line num="490" count="0" type="stmt"/>
      <line num="493" count="0" type="cond" truecount="0" falsecount="2"/>
      <line num="494" count="0" type="stmt"/>
      <line num="496" count="0" type="stmt"/>
      <line num="503" count="0" type="stmt"/>
      <line num="508" count="3" type="stmt"/>
      <line num="514" count="1" type="stmt"/>
      <line num="520" count="11" type="stmt"/>
      <line num="521" count="11" type="cond" truecount="4" falsecount="0"/>
      <line num="522" count="2" type="stmt"/>
      <line num="523" count="2" type="stmt"/>
      <line num="524" count="2" type="stmt"/>
      <line num="527" count="9" type="stmt"/>
      <line num="528" count="9" type="stmt"/>
      <line num="529" count="9" type="stmt"/>
      <line num="531" count="9" type="cond" truecount="4" falsecount="0"/>
      <line num="532" count="2" type="stmt"/>
      <line num="533" count="2" type="stmt"/>
      <line num="534" count="2" type="stmt"/>
      <line num="537" count="7" type="stmt"/>
      <line num="539" count="7" type="stmt"/>
      <line num="540" count="7" type="stmt"/>
      <line num="541" count="7" type="stmt"/>
      <line num="543" count="7" type="cond" truecount="2" falsecount="0"/>
      <line num="544" count="1" type="stmt"/>
      <line num="545" count="1" type="stmt"/>
      <line num="546" count="1" type="stmt"/>
      <line num="549" count="6" type="stmt"/>
      <line num="552" count="6" type="cond" truecount="2" falsecount="0"/>
      <line num="554" count="3" type="stmt"/>
      <line num="561" count="2" type="stmt"/>
      <line num="567" count="2" type="stmt"/>
      <line num="568" count="1" type="stmt"/>
      <line num="576" count="2" type="stmt"/>
      <line num="578" count="2" type="stmt"/>
      <line num="583" count="3" type="cond" truecount="2" falsecount="0"/>
      <line num="584" count="2" type="stmt"/>
      <line num="585" count="2" type="stmt"/>
      <line num="588" count="2" type="stmt"/>
      <line num="595" count="2" type="stmt"/>
      <line num="601" count="2" type="stmt"/>
      <line num="602" count="1" type="stmt"/>
      <line num="609" count="2" type="stmt"/>
      <line num="611" count="2" type="stmt"/>
      <line num="616" count="5" type="stmt"/>
      <line num="618" count="1" type="stmt"/>
      <line num="619" count="1" type="stmt"/>
      <line num="626" count="1" type="stmt"/>
      <line num="632" count="6" type="stmt"/>
      <line num="633" count="6" type="stmt"/>
      <line num="635" count="6" type="stmt"/>
      <line num="638" count="6" type="stmt"/>
      <line num="644" count="6" type="stmt"/>
      <line num="646" count="6" type="stmt"/>
      <line num="647" count="6" type="stmt"/>
      <line num="648" count="6" type="stmt"/>
      <line num="649" count="6" type="cond" truecount="1" falsecount="1"/>
      <line num="651" count="6" type="stmt"/>
      <line num="653" count="6" type="stmt"/>
      <line num="660" count="6" type="stmt"/>
      <line num="661" count="6" type="stmt"/>
      <line num="662" count="2" type="stmt"/>
      <line num="663" count="2" type="stmt"/>
      <line num="664" count="2" type="cond" truecount="2" falsecount="0"/>
      <line num="665" count="1" type="stmt"/>
      <line num="666" count="1" type="cond" truecount="1" falsecount="1"/>
      <line num="671" count="6" type="cond" truecount="2" falsecount="0"/>
      <line num="672" count="1" type="stmt"/>
      <line num="678" count="1" type="stmt"/>
      <line num="682" count="6" type="stmt"/>
      <line num="683" count="6" type="stmt"/>
      <line num="684" count="24" type="stmt"/>
      <line num="691" count="24" type="cond" truecount="2" falsecount="0"/>
      <line num="692" count="6" type="stmt"/>
      <line num="694" count="1" type="stmt"/>
      <line num="695" count="1" type="stmt"/>
      <line num="698" count="1" type="stmt"/>
      <line num="699" count="1" type="stmt"/>
      <line num="702" count="1" type="stmt"/>
      <line num="706" count="18" type="stmt"/>
      <line num="707" count="18" type="stmt"/>
      <line num="712" count="6" type="stmt"/>
      <line num="713" count="5" type="stmt"/>
      <line num="715" count="1" type="stmt"/>
      <line num="720" count="6" type="stmt"/>
      <line num="727" count="6" type="stmt"/>
      <line num="729" count="6" type="stmt"/>
      <line num="730" count="1" type="stmt"/>
      <line num="731" count="1" type="stmt"/>
      <line num="732" count="1" type="cond" truecount="1" falsecount="1"/>
      <line num="735" count="1" type="cond" truecount="1" falsecount="1"/>
      <line num="736" count="0" type="stmt"/>
      <line num="739" count="1" type="stmt"/>
      <line num="740" count="1" type="cond" truecount="1" falsecount="1"/>
      <line num="741" count="1" type="stmt"/>
      <line num="744" count="1" type="stmt"/>
      <line num="746" count="1" type="stmt"/>
      <line num="752" count="1" type="cond" truecount="1" falsecount="1"/>
      <line num="753" count="1" type="stmt"/>
      <line num="754" count="1" type="stmt"/>
      <line num="755" count="1" type="cond" truecount="1" falsecount="1"/>
      <line num="759" count="1" type="cond" truecount="1" falsecount="1"/>
      <line num="760" count="1" type="stmt"/>
      <line num="768" count="1" type="stmt"/>
      <line num="772" count="1" type="stmt"/>
      <line num="775" count="0" type="stmt"/>
      <line num="779" count="6" type="stmt"/>
      <line num="784" count="1" type="stmt"/>
      <line num="785" count="1" type="stmt"/>
      <line num="786" count="1" type="stmt"/>
      <line num="787" count="1" type="stmt"/>
      <line num="788" count="1" type="stmt"/>
      <line num="789" count="1" type="stmt"/>
      <line num="790" count="1" type="stmt"/>
    </file>
  </project>
</coverage>
