{"/home/jfoster/projects/lunch-bunch/functions/index.js": {"path":"/home/jfoster/projects/lunch-bunch/functions/index.js","statementMap":{"0":{"start":{"line":1,"column":30},"end":{"line":1,"column":72}},"1":{"start":{"line":2,"column":22},"end":{"line":2,"column":60}},"2":{"start":{"line":3,"column":23},"end":{"line":3,"column":65}},"3":{"start":{"line":4,"column":25},"end":{"line":4,"column":61}},"4":{"start":{"line":5,"column":26},"end":{"line":5,"column":55}},"5":{"start":{"line":6,"column":25},"end":{"line":6,"column":60}},"6":{"start":{"line":7,"column":25},"end":{"line":7,"column":60}},"7":{"start":{"line":8,"column":15},"end":{"line":8,"column":32}},"8":{"start":{"line":9,"column":15},"end":{"line":9,"column":40}},"9":{"start":{"line":11,"column":0},"end":{"line":11,"column":16}},"10":{"start":{"line":12,"column":11},"end":{"line":12,"column":25}},"11":{"start":{"line":13,"column":25},"end":{"line":13,"column":57}},"12":{"start":{"line":14,"column":34},"end":{"line":14,"column":75}},"13":{"start":{"line":15,"column":23},"end":{"line":15,"column":53}},"14":{"start":{"line":18,"column":2},"end":{"line":22,"column":22}},"15":{"start":{"line":26,"column":0},"end":{"line":101,"column":3}},"16":{"start":{"line":31,"column":54},"end":{"line":31,"column":63}},"17":{"start":{"line":32,"column":14},"end":{"line":32,"column":33}},"18":{"start":{"line":34,"column":2},"end":{"line":37,"column":3}},"19":{"start":{"line":35,"column":4},"end":{"line":35,"column":58}},"20":{"start":{"line":36,"column":4},"end":{"line":36,"column":11}},"21":{"start":{"line":39,"column":19},"end":{"line":39,"column":50}},"22":{"start":{"line":40,"column":2},"end":{"line":43,"column":3}},"23":{"start":{"line":41,"column":4},"end":{"line":41,"column":63}},"24":{"start":{"line":42,"column":4},"end":{"line":42,"column":11}},"25":{"start":{"line":45,"column":19},"end":{"line":45,"column":67}},"26":{"start":{"line":46,"column":2},"end":{"line":49,"column":3}},"27":{"start":{"line":47,"column":4},"end":{"line":47,"column":55}},"28":{"start":{"line":48,"column":4},"end":{"line":48,"column":11}},"29":{"start":{"line":50,"column":20},"end":{"line":50,"column":51}},"30":{"start":{"line":52,"column":21},"end":{"line":56,"column":16}},"31":{"start":{"line":57,"column":21},"end":{"line":57,"column":43}},"32":{"start":{"line":59,"column":2},"end":{"line":62,"column":3}},"33":{"start":{"line":60,"column":4},"end":{"line":60,"column":99}},"34":{"start":{"line":61,"column":4},"end":{"line":61,"column":11}},"35":{"start":{"line":64,"column":15},"end":{"line":64,"column":32}},"36":{"start":{"line":65,"column":15},"end":{"line":65,"column":58}},"37":{"start":{"line":67,"column":2},"end":{"line":71,"column":3}},"38":{"start":{"line":68,"column":4},"end":{"line":68,"column":30}},"39":{"start":{"line":69,"column":4},"end":{"line":69,"column":110}},"40":{"start":{"line":70,"column":4},"end":{"line":70,"column":11}},"41":{"start":{"line":74,"column":2},"end":{"line":83,"column":7}},"42":{"start":{"line":84,"column":2},"end":{"line":84,"column":28}},"43":{"start":{"line":87,"column":2},"end":{"line":91,"column":3}},"44":{"start":{"line":88,"column":4},"end":{"line":88,"column":94}},"45":{"start":{"line":90,"column":4},"end":{"line":90,"column":60}},"46":{"start":{"line":93,"column":2},"end":{"line":100,"column":4}},"47":{"start":{"line":104,"column":2},"end":{"line":108,"column":16}},"48":{"start":{"line":112,"column":2},"end":{"line":119,"column":22}},"49":{"start":{"line":123,"column":0},"end":{"line":204,"column":2}},"50":{"start":{"line":129,"column":32},"end":{"line":129,"column":44}},"51":{"start":{"line":130,"column":24},"end":{"line":130,"column":41}},"52":{"start":{"line":131,"column":35},"end":{"line":131,"column":46}},"53":{"start":{"line":133,"column":21},"end":{"line":133,"column":69}},"54":{"start":{"line":134,"column":4},"end":{"line":137,"column":5}},"55":{"start":{"line":135,"column":6},"end":{"line":135,"column":49}},"56":{"start":{"line":136,"column":6},"end":{"line":136,"column":13}},"57":{"start":{"line":138,"column":22},"end":{"line":138,"column":37}},"58":{"start":{"line":139,"column":21},"end":{"line":139,"column":45}},"59":{"start":{"line":140,"column":22},"end":{"line":140,"column":47}},"60":{"start":{"line":142,"column":4},"end":{"line":145,"column":5}},"61":{"start":{"line":143,"column":6},"end":{"line":143,"column":63}},"62":{"start":{"line":144,"column":6},"end":{"line":144,"column":13}},"63":{"start":{"line":147,"column":4},"end":{"line":147,"column":47}},"64":{"start":{"line":149,"column":25},"end":{"line":149,"column":62}},"65":{"start":{"line":150,"column":22},"end":{"line":150,"column":56}},"66":{"start":{"line":153,"column":20},"end":{"line":153,"column":89}},"67":{"start":{"line":154,"column":23},"end":{"line":154,"column":133}},"68":{"start":{"line":155,"column":20},"end":{"line":155,"column":124}},"69":{"start":{"line":157,"column":21},"end":{"line":186,"column":8}},"70":{"start":{"line":188,"column":21},"end":{"line":193,"column":7}},"71":{"start":{"line":188,"column":53},"end":{"line":193,"column":5}},"72":{"start":{"line":195,"column":4},"end":{"line":202,"column":5}},"73":{"start":{"line":196,"column":6},"end":{"line":196,"column":65}},"74":{"start":{"line":196,"column":46},"end":{"line":196,"column":62}},"75":{"start":{"line":197,"column":6},"end":{"line":199,"column":8}},"76":{"start":{"line":201,"column":6},"end":{"line":201,"column":71}},"77":{"start":{"line":212,"column":2},"end":{"line":217,"column":48}},"78":{"start":{"line":224,"column":18},"end":{"line":224,"column":95}},"79":{"start":{"line":225,"column":16},"end":{"line":225,"column":32}},"80":{"start":{"line":227,"column":2},"end":{"line":227,"column":33}},"81":{"start":{"line":234,"column":2},"end":{"line":239,"column":5}},"82":{"start":{"line":246,"column":17},"end":{"line":246,"column":47}},"83":{"start":{"line":247,"column":20},"end":{"line":247,"column":40}},"84":{"start":{"line":248,"column":15},"end":{"line":248,"column":66}},"85":{"start":{"line":249,"column":15},"end":{"line":249,"column":43}},"86":{"start":{"line":250,"column":2},"end":{"line":250,"column":77}},"87":{"start":{"line":260,"column":22},"end":{"line":264,"column":10}},"88":{"start":{"line":267,"column":19},"end":{"line":267,"column":67}},"89":{"start":{"line":268,"column":24},"end":{"line":268,"column":79}},"90":{"start":{"line":270,"column":20},"end":{"line":270,"column":29}},"91":{"start":{"line":271,"column":2},"end":{"line":271,"column":54}},"92":{"start":{"line":271,"column":31},"end":{"line":271,"column":52}},"93":{"start":{"line":274,"column":21},"end":{"line":274,"column":23}},"94":{"start":{"line":275,"column":23},"end":{"line":291,"column":4}},"95":{"start":{"line":276,"column":20},"end":{"line":276,"column":63}},"96":{"start":{"line":277,"column":4},"end":{"line":277,"column":32}},"97":{"start":{"line":277,"column":25},"end":{"line":277,"column":32}},"98":{"start":{"line":278,"column":17},"end":{"line":278,"column":31}},"99":{"start":{"line":279,"column":18},"end":{"line":279,"column":46}},"100":{"start":{"line":280,"column":18},"end":{"line":280,"column":31}},"101":{"start":{"line":281,"column":4},"end":{"line":281,"column":23}},"102":{"start":{"line":281,"column":16},"end":{"line":281,"column":23}},"103":{"start":{"line":282,"column":4},"end":{"line":282,"column":32}},"104":{"start":{"line":282,"column":25},"end":{"line":282,"column":32}},"105":{"start":{"line":285,"column":4},"end":{"line":288,"column":5}},"106":{"start":{"line":286,"column":24},"end":{"line":286,"column":57}},"107":{"start":{"line":287,"column":6},"end":{"line":287,"column":50}},"108":{"start":{"line":287,"column":43},"end":{"line":287,"column":50}},"109":{"start":{"line":290,"column":4},"end":{"line":290,"column":46}},"110":{"start":{"line":293,"column":2},"end":{"line":293,"column":34}},"111":{"start":{"line":294,"column":2},"end":{"line":294,"column":20}},"112":{"start":{"line":302,"column":2},"end":{"line":305,"column":3}},"113":{"start":{"line":303,"column":4},"end":{"line":303,"column":46}},"114":{"start":{"line":304,"column":4},"end":{"line":304,"column":11}},"115":{"start":{"line":307,"column":20},"end":{"line":307,"column":34}},"116":{"start":{"line":308,"column":20},"end":{"line":308,"column":23}},"117":{"start":{"line":309,"column":17},"end":{"line":309,"column":19}},"118":{"start":{"line":310,"column":2},"end":{"line":312,"column":3}},"119":{"start":{"line":310,"column":15},"end":{"line":310,"column":16}},"120":{"start":{"line":311,"column":4},"end":{"line":311,"column":48}},"121":{"start":{"line":314,"column":2},"end":{"line":335,"column":3}},"122":{"start":{"line":315,"column":4},"end":{"line":334,"column":5}},"123":{"start":{"line":316,"column":23},"end":{"line":328,"column":8}},"124":{"start":{"line":329,"column":6},"end":{"line":331,"column":8}},"125":{"start":{"line":333,"column":6},"end":{"line":333,"column":62}},"126":{"start":{"line":340,"column":0},"end":{"line":411,"column":2}},"127":{"start":{"line":346,"column":24},"end":{"line":346,"column":42}},"128":{"start":{"line":347,"column":18},"end":{"line":347,"column":36}},"129":{"start":{"line":348,"column":23},"end":{"line":348,"column":40}},"130":{"start":{"line":350,"column":4},"end":{"line":350,"column":101}},"131":{"start":{"line":353,"column":23},"end":{"line":353,"column":58}},"132":{"start":{"line":354,"column":26},"end":{"line":407,"column":6}},"133":{"start":{"line":355,"column":22},"end":{"line":355,"column":33}},"134":{"start":{"line":356,"column":24},"end":{"line":356,"column":39}},"135":{"start":{"line":357,"column":23},"end":{"line":357,"column":47}},"136":{"start":{"line":358,"column":30},"end":{"line":358,"column":65}},"137":{"start":{"line":361,"column":27},"end":{"line":361,"column":63}},"138":{"start":{"line":363,"column":6},"end":{"line":363,"column":47}},"139":{"start":{"line":363,"column":40},"end":{"line":363,"column":47}},"140":{"start":{"line":366,"column":21},"end":{"line":370,"column":19}},"141":{"start":{"line":371,"column":21},"end":{"line":371,"column":39}},"142":{"start":{"line":372,"column":6},"end":{"line":375,"column":7}},"143":{"start":{"line":373,"column":8},"end":{"line":373,"column":97}},"144":{"start":{"line":374,"column":8},"end":{"line":374,"column":15}},"145":{"start":{"line":378,"column":25},"end":{"line":378,"column":87}},"146":{"start":{"line":379,"column":6},"end":{"line":384,"column":7}},"147":{"start":{"line":380,"column":8},"end":{"line":380,"column":95}},"148":{"start":{"line":382,"column":8},"end":{"line":382,"column":110}},"149":{"start":{"line":383,"column":8},"end":{"line":383,"column":15}},"150":{"start":{"line":386,"column":24},"end":{"line":386,"column":49}},"151":{"start":{"line":387,"column":21},"end":{"line":387,"column":54}},"152":{"start":{"line":387,"column":43},"end":{"line":387,"column":53}},"153":{"start":{"line":390,"column":31},"end":{"line":390,"column":69}},"154":{"start":{"line":391,"column":21},"end":{"line":391,"column":47}},"155":{"start":{"line":392,"column":23},"end":{"line":392,"column":77}},"156":{"start":{"line":393,"column":27},"end":{"line":393,"column":85}},"157":{"start":{"line":395,"column":6},"end":{"line":400,"column":8}},"158":{"start":{"line":403,"column":6},"end":{"line":403,"column":108}},"159":{"start":{"line":404,"column":6},"end":{"line":406,"column":8}},"160":{"start":{"line":409,"column":4},"end":{"line":409,"column":37}},"161":{"start":{"line":415,"column":0},"end":{"line":510,"column":2}},"162":{"start":{"line":421,"column":24},"end":{"line":421,"column":42}},"163":{"start":{"line":422,"column":18},"end":{"line":422,"column":36}},"164":{"start":{"line":423,"column":23},"end":{"line":423,"column":40}},"165":{"start":{"line":425,"column":4},"end":{"line":425,"column":99}},"166":{"start":{"line":427,"column":23},"end":{"line":427,"column":58}},"167":{"start":{"line":428,"column":26},"end":{"line":506,"column":6}},"168":{"start":{"line":429,"column":22},"end":{"line":429,"column":33}},"169":{"start":{"line":430,"column":24},"end":{"line":430,"column":39}},"170":{"start":{"line":431,"column":23},"end":{"line":431,"column":47}},"171":{"start":{"line":432,"column":30},"end":{"line":432,"column":65}},"172":{"start":{"line":434,"column":6},"end":{"line":434,"column":50}},"173":{"start":{"line":434,"column":43},"end":{"line":434,"column":50}},"174":{"start":{"line":437,"column":21},"end":{"line":441,"column":19}},"175":{"start":{"line":442,"column":21},"end":{"line":442,"column":39}},"176":{"start":{"line":443,"column":6},"end":{"line":446,"column":7}},"177":{"start":{"line":444,"column":8},"end":{"line":444,"column":95}},"178":{"start":{"line":445,"column":8},"end":{"line":445,"column":15}},"179":{"start":{"line":449,"column":6},"end":{"line":449,"column":104}},"180":{"start":{"line":452,"column":26},"end":{"line":458,"column":14}},"181":{"start":{"line":460,"column":6},"end":{"line":463,"column":7}},"182":{"start":{"line":461,"column":8},"end":{"line":461,"column":69}},"183":{"start":{"line":462,"column":8},"end":{"line":462,"column":15}},"184":{"start":{"line":466,"column":20},"end":{"line":466,"column":22}},"185":{"start":{"line":467,"column":6},"end":{"line":471,"column":9}},"186":{"start":{"line":468,"column":35},"end":{"line":468,"column":45}},"187":{"start":{"line":469,"column":8},"end":{"line":469,"column":36}},"188":{"start":{"line":469,"column":29},"end":{"line":469,"column":36}},"189":{"start":{"line":470,"column":8},"end":{"line":470,"column":65}},"190":{"start":{"line":473,"column":6},"end":{"line":476,"column":7}},"191":{"start":{"line":474,"column":8},"end":{"line":474,"column":66}},"192":{"start":{"line":475,"column":8},"end":{"line":475,"column":15}},"193":{"start":{"line":479,"column":21},"end":{"line":479,"column":70}},"194":{"start":{"line":479,"column":58},"end":{"line":479,"column":69}},"195":{"start":{"line":480,"column":23},"end":{"line":480,"column":35}},"196":{"start":{"line":481,"column":19},"end":{"line":481,"column":60}},"197":{"start":{"line":481,"column":45},"end":{"line":481,"column":59}},"198":{"start":{"line":482,"column":21},"end":{"line":482,"column":69}},"199":{"start":{"line":483,"column":26},"end":{"line":483,"column":39}},"200":{"start":{"line":484,"column":25},"end":{"line":484,"column":72}},"201":{"start":{"line":484,"column":63},"end":{"line":484,"column":68}},"202":{"start":{"line":487,"column":25},"end":{"line":487,"column":85}},"203":{"start":{"line":488,"column":6},"end":{"line":491,"column":7}},"204":{"start":{"line":489,"column":8},"end":{"line":489,"column":93}},"205":{"start":{"line":490,"column":8},"end":{"line":490,"column":15}},"206":{"start":{"line":493,"column":24},"end":{"line":493,"column":49}},"207":{"start":{"line":494,"column":21},"end":{"line":494,"column":54}},"208":{"start":{"line":494,"column":43},"end":{"line":494,"column":53}},"209":{"start":{"line":496,"column":6},"end":{"line":501,"column":8}},"210":{"start":{"line":503,"column":6},"end":{"line":505,"column":8}},"211":{"start":{"line":508,"column":4},"end":{"line":508,"column":37}},"212":{"start":{"line":514,"column":0},"end":{"line":622,"column":2}},"213":{"start":{"line":520,"column":23},"end":{"line":520,"column":51}},"214":{"start":{"line":521,"column":4},"end":{"line":525,"column":5}},"215":{"start":{"line":522,"column":6},"end":{"line":522,"column":65}},"216":{"start":{"line":523,"column":6},"end":{"line":523,"column":43}},"217":{"start":{"line":524,"column":6},"end":{"line":524,"column":13}},"218":{"start":{"line":527,"column":18},"end":{"line":527,"column":26}},"219":{"start":{"line":528,"column":22},"end":{"line":528,"column":40}},"220":{"start":{"line":529,"column":22},"end":{"line":529,"column":47}},"221":{"start":{"line":531,"column":4},"end":{"line":535,"column":5}},"222":{"start":{"line":532,"column":6},"end":{"line":532,"column":70}},"223":{"start":{"line":533,"column":6},"end":{"line":533,"column":42}},"224":{"start":{"line":534,"column":6},"end":{"line":534,"column":13}},"225":{"start":{"line":537,"column":4},"end":{"line":537,"column":76}},"226":{"start":{"line":539,"column":4},"end":{"line":620,"column":5}},"227":{"start":{"line":540,"column":22},"end":{"line":540,"column":59}},"228":{"start":{"line":541,"column":22},"end":{"line":541,"column":41}},"229":{"start":{"line":543,"column":6},"end":{"line":547,"column":7}},"230":{"start":{"line":544,"column":8},"end":{"line":544,"column":78}},"231":{"start":{"line":545,"column":8},"end":{"line":545,"column":35}},"232":{"start":{"line":546,"column":8},"end":{"line":546,"column":15}},"233":{"start":{"line":549,"column":24},"end":{"line":549,"column":44}},"234":{"start":{"line":552,"column":6},"end":{"line":614,"column":7}},"235":{"start":{"line":554,"column":8},"end":{"line":558,"column":11}},"236":{"start":{"line":561,"column":33},"end":{"line":565,"column":16}},"237":{"start":{"line":567,"column":35},"end":{"line":574,"column":9}},"238":{"start":{"line":568,"column":10},"end":{"line":573,"column":12}},"239":{"start":{"line":576,"column":8},"end":{"line":576,"column":46}},"240":{"start":{"line":578,"column":8},"end":{"line":580,"column":10}},"241":{"start":{"line":583,"column":11},"end":{"line":614,"column":7}},"242":{"start":{"line":584,"column":20},"end":{"line":584,"column":30}},"243":{"start":{"line":585,"column":31},"end":{"line":585,"column":81}},"244":{"start":{"line":588,"column":8},"end":{"line":592,"column":11}},"245":{"start":{"line":595,"column":33},"end":{"line":599,"column":16}},"246":{"start":{"line":601,"column":31},"end":{"line":607,"column":9}},"247":{"start":{"line":602,"column":10},"end":{"line":606,"column":12}},"248":{"start":{"line":609,"column":8},"end":{"line":609,"column":42}},"249":{"start":{"line":611,"column":8},"end":{"line":613,"column":10}},"250":{"start":{"line":616,"column":6},"end":{"line":616,"column":33}},"251":{"start":{"line":618,"column":6},"end":{"line":618,"column":69}},"252":{"start":{"line":619,"column":6},"end":{"line":619,"column":52}},"253":{"start":{"line":626,"column":0},"end":{"line":781,"column":2}},"254":{"start":{"line":632,"column":16},"end":{"line":632,"column":26}},"255":{"start":{"line":633,"column":29},"end":{"line":633,"column":78}},"256":{"start":{"line":635,"column":4},"end":{"line":635,"column":83}},"257":{"start":{"line":638,"column":31},"end":{"line":642,"column":12}},"258":{"start":{"line":644,"column":4},"end":{"line":644,"column":79}},"259":{"start":{"line":646,"column":4},"end":{"line":717,"column":5}},"260":{"start":{"line":647,"column":22},"end":{"line":647,"column":33}},"261":{"start":{"line":648,"column":24},"end":{"line":648,"column":39}},"262":{"start":{"line":649,"column":24},"end":{"line":649,"column":49}},"263":{"start":{"line":651,"column":6},"end":{"line":716,"column":7}},"264":{"start":{"line":653,"column":28},"end":{"line":657,"column":16}},"265":{"start":{"line":660,"column":29},"end":{"line":660,"column":31}},"266":{"start":{"line":661,"column":8},"end":{"line":668,"column":9}},"267":{"start":{"line":662,"column":27},"end":{"line":662,"column":39}},"268":{"start":{"line":663,"column":26},"end":{"line":663,"column":74}},"269":{"start":{"line":664,"column":10},"end":{"line":667,"column":11}},"270":{"start":{"line":665,"column":26},"end":{"line":665,"column":49}},"271":{"start":{"line":666,"column":12},"end":{"line":666,"column":48}},"272":{"start":{"line":666,"column":23},"end":{"line":666,"column":48}},"273":{"start":{"line":671,"column":8},"end":{"line":679,"column":9}},"274":{"start":{"line":672,"column":10},"end":{"line":677,"column":12}},"275":{"start":{"line":678,"column":10},"end":{"line":678,"column":100}},"276":{"start":{"line":682,"column":31},"end":{"line":682,"column":88}},"277":{"start":{"line":683,"column":8},"end":{"line":709,"column":9}},"278":{"start":{"line":684,"column":36},"end":{"line":688,"column":18}},"279":{"start":{"line":691,"column":10},"end":{"line":708,"column":11}},"280":{"start":{"line":692,"column":12},"end":{"line":703,"column":13}},"281":{"start":{"line":694,"column":34},"end":{"line":694,"column":79}},"282":{"start":{"line":695,"column":14},"end":{"line":695,"column":81}},"283":{"start":{"line":695,"column":62},"end":{"line":695,"column":78}},"284":{"start":{"line":698,"column":33},"end":{"line":698,"column":77}},"285":{"start":{"line":699,"column":14},"end":{"line":699,"column":80}},"286":{"start":{"line":699,"column":61},"end":{"line":699,"column":77}},"287":{"start":{"line":702,"column":14},"end":{"line":702,"column":41}},"288":{"start":{"line":706,"column":35},"end":{"line":706,"column":88}},"289":{"start":{"line":706,"column":71},"end":{"line":706,"column":87}},"290":{"start":{"line":707,"column":12},"end":{"line":707,"column":46}},"291":{"start":{"line":712,"column":8},"end":{"line":712,"column":60}},"292":{"start":{"line":713,"column":8},"end":{"line":713,"column":73}},"293":{"start":{"line":715,"column":8},"end":{"line":715,"column":75}},"294":{"start":{"line":720,"column":29},"end":{"line":725,"column":12}},"295":{"start":{"line":727,"column":4},"end":{"line":727,"column":95}},"296":{"start":{"line":729,"column":4},"end":{"line":777,"column":5}},"297":{"start":{"line":730,"column":22},"end":{"line":730,"column":33}},"298":{"start":{"line":731,"column":24},"end":{"line":731,"column":39}},"299":{"start":{"line":732,"column":24},"end":{"line":732,"column":49}},"300":{"start":{"line":735,"column":6},"end":{"line":737,"column":7}},"301":{"start":{"line":736,"column":8},"end":{"line":736,"column":17}},"302":{"start":{"line":739,"column":6},"end":{"line":776,"column":7}},"303":{"start":{"line":740,"column":25},"end":{"line":740,"column":49}},"304":{"start":{"line":741,"column":30},"end":{"line":741,"column":32}},"305":{"start":{"line":744,"column":8},"end":{"line":757,"column":9}},"306":{"start":{"line":746,"column":28},"end":{"line":750,"column":18}},"307":{"start":{"line":752,"column":10},"end":{"line":756,"column":11}},"308":{"start":{"line":753,"column":28},"end":{"line":753,"column":45}},"309":{"start":{"line":754,"column":26},"end":{"line":754,"column":49}},"310":{"start":{"line":755,"column":12},"end":{"line":755,"column":49}},"311":{"start":{"line":755,"column":23},"end":{"line":755,"column":49}},"312":{"start":{"line":759,"column":8},"end":{"line":773,"column":9}},"313":{"start":{"line":760,"column":10},"end":{"line":765,"column":12}},"314":{"start":{"line":768,"column":10},"end":{"line":770,"column":13}},"315":{"start":{"line":772,"column":10},"end":{"line":772,"column":111}},"316":{"start":{"line":775,"column":8},"end":{"line":775,"column":86}},"317":{"start":{"line":779,"column":4},"end":{"line":779,"column":60}},"318":{"start":{"line":784,"column":0},"end":{"line":784,"column":30}},"319":{"start":{"line":785,"column":0},"end":{"line":785,"column":44}},"320":{"start":{"line":786,"column":0},"end":{"line":786,"column":42}},"321":{"start":{"line":787,"column":0},"end":{"line":787,"column":44}},"322":{"start":{"line":788,"column":0},"end":{"line":788,"column":42}},"323":{"start":{"line":789,"column":0},"end":{"line":789,"column":58}},"324":{"start":{"line":790,"column":0},"end":{"line":790,"column":52}}},"fnMap":{"0":{"name":"makeToken","decl":{"start":{"line":17,"column":9},"end":{"line":17,"column":18}},"loc":{"start":{"line":17,"column":44},"end":{"line":23,"column":1}},"line":17},"1":{"name":"(anonymous_1)","decl":{"start":{"line":30,"column":2},"end":{"line":30,"column":3}},"loc":{"start":{"line":30,"column":22},"end":{"line":101,"column":1}},"line":30},"2":{"name":"errorPage","decl":{"start":{"line":103,"column":9},"end":{"line":103,"column":18}},"loc":{"start":{"line":103,"column":24},"end":{"line":109,"column":1}},"line":103},"3":{"name":"resultPage","decl":{"start":{"line":111,"column":9},"end":{"line":111,"column":19}},"loc":{"start":{"line":111,"column":61},"end":{"line":120,"column":1}},"line":111},"4":{"name":"(anonymous_4)","decl":{"start":{"line":128,"column":2},"end":{"line":128,"column":3}},"loc":{"start":{"line":128,"column":19},"end":{"line":203,"column":3}},"line":128},"5":{"name":"(anonymous_5)","decl":{"start":{"line":188,"column":34},"end":{"line":188,"column":35}},"loc":{"start":{"line":188,"column":53},"end":{"line":193,"column":5}},"line":188},"6":{"name":"(anonymous_6)","decl":{"start":{"line":196,"column":37},"end":{"line":196,"column":38}},"loc":{"start":{"line":196,"column":46},"end":{"line":196,"column":62}},"line":196},"7":{"name":"getCSTDateString","decl":{"start":{"line":211,"column":9},"end":{"line":211,"column":25}},"loc":{"start":{"line":211,"column":28},"end":{"line":218,"column":1}},"line":211},"8":{"name":"getCSTDayOfWeek","decl":{"start":{"line":223,"column":9},"end":{"line":223,"column":24}},"loc":{"start":{"line":223,"column":27},"end":{"line":228,"column":1}},"line":223},"9":{"name":"getCSTTimeString","decl":{"start":{"line":233,"column":9},"end":{"line":233,"column":25}},"loc":{"start":{"line":233,"column":28},"end":{"line":240,"column":1}},"line":233},"10":{"name":"subtractMinutes","decl":{"start":{"line":245,"column":9},"end":{"line":245,"column":24}},"loc":{"start":{"line":245,"column":43},"end":{"line":251,"column":1}},"line":245},"11":{"name":"getGroupNotifRecipients","decl":{"start":{"line":258,"column":15},"end":{"line":258,"column":38}},"loc":{"start":{"line":258,"column":76},"end":{"line":295,"column":1}},"line":258},"12":{"name":"(anonymous_12)","decl":{"start":{"line":271,"column":22},"end":{"line":271,"column":23}},"loc":{"start":{"line":271,"column":31},"end":{"line":271,"column":52}},"line":271},"13":{"name":"(anonymous_13)","decl":{"start":{"line":275,"column":42},"end":{"line":275,"column":43}},"loc":{"start":{"line":275,"column":57},"end":{"line":291,"column":3}},"line":275},"14":{"name":"sendFcmNotifications","decl":{"start":{"line":301,"column":15},"end":{"line":301,"column":35}},"loc":{"start":{"line":301,"column":68},"end":{"line":336,"column":1}},"line":301},"15":{"name":"(anonymous_15)","decl":{"start":{"line":345,"column":2},"end":{"line":345,"column":3}},"loc":{"start":{"line":345,"column":14},"end":{"line":410,"column":3}},"line":345},"16":{"name":"(anonymous_16)","decl":{"start":{"line":354,"column":46},"end":{"line":354,"column":47}},"loc":{"start":{"line":354,"column":66},"end":{"line":407,"column":5}},"line":354},"17":{"name":"(anonymous_17)","decl":{"start":{"line":387,"column":36},"end":{"line":387,"column":37}},"loc":{"start":{"line":387,"column":43},"end":{"line":387,"column":53}},"line":387},"18":{"name":"(anonymous_18)","decl":{"start":{"line":420,"column":2},"end":{"line":420,"column":3}},"loc":{"start":{"line":420,"column":14},"end":{"line":509,"column":3}},"line":420},"19":{"name":"(anonymous_19)","decl":{"start":{"line":428,"column":46},"end":{"line":428,"column":47}},"loc":{"start":{"line":428,"column":66},"end":{"line":506,"column":5}},"line":428},"20":{"name":"(anonymous_20)","decl":{"start":{"line":467,"column":26},"end":{"line":467,"column":27}},"loc":{"start":{"line":467,"column":35},"end":{"line":471,"column":7}},"line":467},"21":{"name":"(anonymous_21)","decl":{"start":{"line":479,"column":48},"end":{"line":479,"column":49}},"loc":{"start":{"line":479,"column":58},"end":{"line":479,"column":69}},"line":479},"22":{"name":"(anonymous_22)","decl":{"start":{"line":481,"column":33},"end":{"line":481,"column":34}},"loc":{"start":{"line":481,"column":45},"end":{"line":481,"column":59}},"line":481},"23":{"name":"(anonymous_23)","decl":{"start":{"line":484,"column":53},"end":{"line":484,"column":54}},"loc":{"start":{"line":484,"column":63},"end":{"line":484,"column":68}},"line":484},"24":{"name":"(anonymous_24)","decl":{"start":{"line":494,"column":36},"end":{"line":494,"column":37}},"loc":{"start":{"line":494,"column":43},"end":{"line":494,"column":53}},"line":494},"25":{"name":"(anonymous_25)","decl":{"start":{"line":518,"column":2},"end":{"line":518,"column":3}},"loc":{"start":{"line":518,"column":22},"end":{"line":621,"column":3}},"line":518},"26":{"name":"(anonymous_26)","decl":{"start":{"line":567,"column":61},"end":{"line":567,"column":62}},"loc":{"start":{"line":568,"column":10},"end":{"line":573,"column":12}},"line":568},"27":{"name":"(anonymous_27)","decl":{"start":{"line":601,"column":57},"end":{"line":601,"column":58}},"loc":{"start":{"line":602,"column":10},"end":{"line":606,"column":12}},"line":602},"28":{"name":"(anonymous_28)","decl":{"start":{"line":631,"column":2},"end":{"line":631,"column":3}},"loc":{"start":{"line":631,"column":14},"end":{"line":780,"column":3}},"line":631},"29":{"name":"(anonymous_29)","decl":{"start":{"line":695,"column":53},"end":{"line":695,"column":54}},"loc":{"start":{"line":695,"column":62},"end":{"line":695,"column":78}},"line":695},"30":{"name":"(anonymous_30)","decl":{"start":{"line":699,"column":52},"end":{"line":699,"column":53}},"loc":{"start":{"line":699,"column":61},"end":{"line":699,"column":77}},"line":699},"31":{"name":"(anonymous_31)","decl":{"start":{"line":706,"column":62},"end":{"line":706,"column":63}},"loc":{"start":{"line":706,"column":71},"end":{"line":706,"column":87}},"line":706}},"branchMap":{"0":{"loc":{"start":{"line":32,"column":14},"end":{"line":32,"column":33}},"type":"binary-expr","locations":[{"start":{"line":32,"column":14},"end":{"line":32,"column":20}},{"start":{"line":32,"column":24},"end":{"line":32,"column":33}}],"line":32},"1":{"loc":{"start":{"line":34,"column":2},"end":{"line":37,"column":3}},"type":"if","locations":[{"start":{"line":34,"column":2},"end":{"line":37,"column":3}},{"start":{},"end":{}}],"line":34},"2":{"loc":{"start":{"line":34,"column":6},"end":{"line":34,"column":35}},"type":"binary-expr","locations":[{"start":{"line":34,"column":6},"end":{"line":34,"column":14}},{"start":{"line":34,"column":18},"end":{"line":34,"column":25}},{"start":{"line":34,"column":29},"end":{"line":34,"column":35}}],"line":34},"3":{"loc":{"start":{"line":40,"column":2},"end":{"line":43,"column":3}},"type":"if","locations":[{"start":{"line":40,"column":2},"end":{"line":43,"column":3}},{"start":{},"end":{}}],"line":40},"4":{"loc":{"start":{"line":46,"column":2},"end":{"line":49,"column":3}},"type":"if","locations":[{"start":{"line":46,"column":2},"end":{"line":49,"column":3}},{"start":{},"end":{}}],"line":46},"5":{"loc":{"start":{"line":50,"column":20},"end":{"line":50,"column":51}},"type":"binary-expr","locations":[{"start":{"line":50,"column":20},"end":{"line":50,"column":40}},{"start":{"line":50,"column":44},"end":{"line":50,"column":51}}],"line":50},"6":{"loc":{"start":{"line":59,"column":2},"end":{"line":62,"column":3}},"type":"if","locations":[{"start":{"line":59,"column":2},"end":{"line":62,"column":3}},{"start":{},"end":{}}],"line":59},"7":{"loc":{"start":{"line":65,"column":15},"end":{"line":65,"column":58}},"type":"binary-expr","locations":[{"start":{"line":65,"column":15},"end":{"line":65,"column":31}},{"start":{"line":65,"column":35},"end":{"line":65,"column":45}},{"start":{"line":65,"column":49},"end":{"line":65,"column":58}}],"line":65},"8":{"loc":{"start":{"line":67,"column":2},"end":{"line":71,"column":3}},"type":"if","locations":[{"start":{"line":67,"column":2},"end":{"line":71,"column":3}},{"start":{},"end":{}}],"line":67},"9":{"loc":{"start":{"line":111,"column":47},"end":{"line":111,"column":59}},"type":"default-arg","locations":[{"start":{"line":111,"column":55},"end":{"line":111,"column":59}}],"line":111},"10":{"loc":{"start":{"line":134,"column":4},"end":{"line":137,"column":5}},"type":"if","locations":[{"start":{"line":134,"column":4},"end":{"line":137,"column":5}},{"start":{},"end":{}}],"line":134},"11":{"loc":{"start":{"line":139,"column":21},"end":{"line":139,"column":45}},"type":"binary-expr","locations":[{"start":{"line":139,"column":21},"end":{"line":139,"column":39}},{"start":{"line":139,"column":43},"end":{"line":139,"column":45}}],"line":139},"12":{"loc":{"start":{"line":140,"column":22},"end":{"line":140,"column":47}},"type":"binary-expr","locations":[{"start":{"line":140,"column":22},"end":{"line":140,"column":36}},{"start":{"line":140,"column":40},"end":{"line":140,"column":47}}],"line":140},"13":{"loc":{"start":{"line":142,"column":4},"end":{"line":145,"column":5}},"type":"if","locations":[{"start":{"line":142,"column":4},"end":{"line":145,"column":5}},{"start":{},"end":{}}],"line":142},"14":{"loc":{"start":{"line":173,"column":83},"end":{"line":173,"column":107}},"type":"binary-expr","locations":[{"start":{"line":173,"column":83},"end":{"line":173,"column":94}},{"start":{"line":173,"column":98},"end":{"line":173,"column":107}}],"line":173},"15":{"loc":{"start":{"line":201,"column":39},"end":{"line":201,"column":69}},"type":"binary-expr","locations":[{"start":{"line":201,"column":39},"end":{"line":201,"column":60}},{"start":{"line":201,"column":64},"end":{"line":201,"column":69}}],"line":201},"16":{"loc":{"start":{"line":227,"column":9},"end":{"line":227,"column":32}},"type":"cond-expr","locations":[{"start":{"line":227,"column":23},"end":{"line":227,"column":24}},{"start":{"line":227,"column":27},"end":{"line":227,"column":32}}],"line":227},"17":{"loc":{"start":{"line":258,"column":57},"end":{"line":258,"column":74}},"type":"default-arg","locations":[{"start":{"line":258,"column":70},"end":{"line":258,"column":74}}],"line":258},"18":{"loc":{"start":{"line":268,"column":24},"end":{"line":268,"column":79}},"type":"cond-expr","locations":[{"start":{"line":268,"column":43},"end":{"line":268,"column":73}},{"start":{"line":268,"column":77},"end":{"line":268,"column":79}}],"line":268},"19":{"loc":{"start":{"line":268,"column":43},"end":{"line":268,"column":73}},"type":"binary-expr","locations":[{"start":{"line":268,"column":43},"end":{"line":268,"column":67}},{"start":{"line":268,"column":71},"end":{"line":268,"column":73}}],"line":268},"20":{"loc":{"start":{"line":277,"column":4},"end":{"line":277,"column":32}},"type":"if","locations":[{"start":{"line":277,"column":4},"end":{"line":277,"column":32}},{"start":{},"end":{}}],"line":277},"21":{"loc":{"start":{"line":279,"column":18},"end":{"line":279,"column":46}},"type":"binary-expr","locations":[{"start":{"line":279,"column":18},"end":{"line":279,"column":40}},{"start":{"line":279,"column":44},"end":{"line":279,"column":46}}],"line":279},"22":{"loc":{"start":{"line":281,"column":4},"end":{"line":281,"column":23}},"type":"if","locations":[{"start":{"line":281,"column":4},"end":{"line":281,"column":23}},{"start":{},"end":{}}],"line":281},"23":{"loc":{"start":{"line":282,"column":4},"end":{"line":282,"column":32}},"type":"if","locations":[{"start":{"line":282,"column":4},"end":{"line":282,"column":32}},{"start":{},"end":{}}],"line":282},"24":{"loc":{"start":{"line":285,"column":4},"end":{"line":288,"column":5}},"type":"if","locations":[{"start":{"line":285,"column":4},"end":{"line":288,"column":5}},{"start":{},"end":{}}],"line":285},"25":{"loc":{"start":{"line":286,"column":24},"end":{"line":286,"column":57}},"type":"binary-expr","locations":[{"start":{"line":286,"column":24},"end":{"line":286,"column":38}},{"start":{"line":286,"column":42},"end":{"line":286,"column":57}}],"line":286},"26":{"loc":{"start":{"line":287,"column":6},"end":{"line":287,"column":50}},"type":"if","locations":[{"start":{"line":287,"column":6},"end":{"line":287,"column":50}},{"start":{},"end":{}}],"line":287},"27":{"loc":{"start":{"line":301,"column":57},"end":{"line":301,"column":66}},"type":"default-arg","locations":[{"start":{"line":301,"column":64},"end":{"line":301,"column":66}}],"line":301},"28":{"loc":{"start":{"line":302,"column":2},"end":{"line":305,"column":3}},"type":"if","locations":[{"start":{"line":302,"column":2},"end":{"line":305,"column":3}},{"start":{},"end":{}}],"line":302},"29":{"loc":{"start":{"line":302,"column":6},"end":{"line":302,"column":36}},"type":"binary-expr","locations":[{"start":{"line":302,"column":6},"end":{"line":302,"column":13}},{"start":{"line":302,"column":17},"end":{"line":302,"column":36}}],"line":302},"30":{"loc":{"start":{"line":357,"column":23},"end":{"line":357,"column":47}},"type":"binary-expr","locations":[{"start":{"line":357,"column":23},"end":{"line":357,"column":41}},{"start":{"line":357,"column":45},"end":{"line":357,"column":47}}],"line":357},"31":{"loc":{"start":{"line":358,"column":30},"end":{"line":358,"column":65}},"type":"binary-expr","locations":[{"start":{"line":358,"column":30},"end":{"line":358,"column":54}},{"start":{"line":358,"column":58},"end":{"line":358,"column":65}}],"line":358},"32":{"loc":{"start":{"line":363,"column":6},"end":{"line":363,"column":47}},"type":"if","locations":[{"start":{"line":363,"column":6},"end":{"line":363,"column":47}},{"start":{},"end":{}}],"line":363},"33":{"loc":{"start":{"line":372,"column":6},"end":{"line":375,"column":7}},"type":"if","locations":[{"start":{"line":372,"column":6},"end":{"line":375,"column":7}},{"start":{},"end":{}}],"line":372},"34":{"loc":{"start":{"line":372,"column":10},"end":{"line":372,"column":110}},"type":"binary-expr","locations":[{"start":{"line":372,"column":10},"end":{"line":372,"column":23}},{"start":{"line":372,"column":27},"end":{"line":372,"column":55}},{"start":{"line":372,"column":59},"end":{"line":372,"column":110}}],"line":372},"35":{"loc":{"start":{"line":379,"column":6},"end":{"line":384,"column":7}},"type":"if","locations":[{"start":{"line":379,"column":6},"end":{"line":384,"column":7}},{"start":{},"end":{}}],"line":379},"36":{"loc":{"start":{"line":386,"column":24},"end":{"line":386,"column":49}},"type":"binary-expr","locations":[{"start":{"line":386,"column":24},"end":{"line":386,"column":38}},{"start":{"line":386,"column":42},"end":{"line":386,"column":49}}],"line":386},"37":{"loc":{"start":{"line":391,"column":21},"end":{"line":391,"column":47}},"type":"cond-expr","locations":[{"start":{"line":391,"column":36},"end":{"line":391,"column":40}},{"start":{"line":391,"column":43},"end":{"line":391,"column":47}}],"line":391},"38":{"loc":{"start":{"line":392,"column":23},"end":{"line":392,"column":77}},"type":"cond-expr","locations":[{"start":{"line":392,"column":37},"end":{"line":392,"column":48}},{"start":{"line":392,"column":51},"end":{"line":392,"column":77}}],"line":392},"39":{"loc":{"start":{"line":392,"column":51},"end":{"line":392,"column":77}},"type":"cond-expr","locations":[{"start":{"line":392,"column":66},"end":{"line":392,"column":68}},{"start":{"line":392,"column":71},"end":{"line":392,"column":77}}],"line":392},"40":{"loc":{"start":{"line":431,"column":23},"end":{"line":431,"column":47}},"type":"binary-expr","locations":[{"start":{"line":431,"column":23},"end":{"line":431,"column":41}},{"start":{"line":431,"column":45},"end":{"line":431,"column":47}}],"line":431},"41":{"loc":{"start":{"line":432,"column":30},"end":{"line":432,"column":65}},"type":"binary-expr","locations":[{"start":{"line":432,"column":30},"end":{"line":432,"column":54}},{"start":{"line":432,"column":58},"end":{"line":432,"column":65}}],"line":432},"42":{"loc":{"start":{"line":434,"column":6},"end":{"line":434,"column":50}},"type":"if","locations":[{"start":{"line":434,"column":6},"end":{"line":434,"column":50}},{"start":{},"end":{}}],"line":434},"43":{"loc":{"start":{"line":443,"column":6},"end":{"line":446,"column":7}},"type":"if","locations":[{"start":{"line":443,"column":6},"end":{"line":446,"column":7}},{"start":{},"end":{}}],"line":443},"44":{"loc":{"start":{"line":443,"column":10},"end":{"line":443,"column":106}},"type":"binary-expr","locations":[{"start":{"line":443,"column":10},"end":{"line":443,"column":23}},{"start":{"line":443,"column":27},"end":{"line":443,"column":53}},{"start":{"line":443,"column":57},"end":{"line":443,"column":106}}],"line":443},"45":{"loc":{"start":{"line":460,"column":6},"end":{"line":463,"column":7}},"type":"if","locations":[{"start":{"line":460,"column":6},"end":{"line":463,"column":7}},{"start":{},"end":{}}],"line":460},"46":{"loc":{"start":{"line":469,"column":8},"end":{"line":469,"column":36}},"type":"if","locations":[{"start":{"line":469,"column":8},"end":{"line":469,"column":36}},{"start":{},"end":{}}],"line":469},"47":{"loc":{"start":{"line":470,"column":33},"end":{"line":470,"column":59}},"type":"binary-expr","locations":[{"start":{"line":470,"column":33},"end":{"line":470,"column":54}},{"start":{"line":470,"column":58},"end":{"line":470,"column":59}}],"line":470},"48":{"loc":{"start":{"line":473,"column":6},"end":{"line":476,"column":7}},"type":"if","locations":[{"start":{"line":473,"column":6},"end":{"line":476,"column":7}},{"start":{},"end":{}}],"line":473},"49":{"loc":{"start":{"line":488,"column":6},"end":{"line":491,"column":7}},"type":"if","locations":[{"start":{"line":488,"column":6},"end":{"line":491,"column":7}},{"start":{},"end":{}}],"line":488},"50":{"loc":{"start":{"line":493,"column":24},"end":{"line":493,"column":49}},"type":"binary-expr","locations":[{"start":{"line":493,"column":24},"end":{"line":493,"column":38}},{"start":{"line":493,"column":42},"end":{"line":493,"column":49}}],"line":493},"51":{"loc":{"start":{"line":521,"column":4},"end":{"line":525,"column":5}},"type":"if","locations":[{"start":{"line":521,"column":4},"end":{"line":525,"column":5}},{"start":{},"end":{}}],"line":521},"52":{"loc":{"start":{"line":521,"column":8},"end":{"line":521,"column":83}},"type":"binary-expr","locations":[{"start":{"line":521,"column":8},"end":{"line":521,"column":19}},{"start":{"line":521,"column":23},"end":{"line":521,"column":83}}],"line":521},"53":{"loc":{"start":{"line":531,"column":4},"end":{"line":535,"column":5}},"type":"if","locations":[{"start":{"line":531,"column":4},"end":{"line":535,"column":5}},{"start":{},"end":{}}],"line":531},"54":{"loc":{"start":{"line":531,"column":8},"end":{"line":531,"column":32}},"type":"binary-expr","locations":[{"start":{"line":531,"column":8},"end":{"line":531,"column":18}},{"start":{"line":531,"column":22},"end":{"line":531,"column":32}}],"line":531},"55":{"loc":{"start":{"line":543,"column":6},"end":{"line":547,"column":7}},"type":"if","locations":[{"start":{"line":543,"column":6},"end":{"line":547,"column":7}},{"start":{},"end":{}}],"line":543},"56":{"loc":{"start":{"line":552,"column":6},"end":{"line":614,"column":7}},"type":"if","locations":[{"start":{"line":552,"column":6},"end":{"line":614,"column":7}},{"start":{"line":583,"column":11},"end":{"line":614,"column":7}}],"line":552},"57":{"loc":{"start":{"line":583,"column":11},"end":{"line":614,"column":7}},"type":"if","locations":[{"start":{"line":583,"column":11},"end":{"line":614,"column":7}},{"start":{},"end":{}}],"line":583},"58":{"loc":{"start":{"line":649,"column":24},"end":{"line":649,"column":49}},"type":"binary-expr","locations":[{"start":{"line":649,"column":24},"end":{"line":649,"column":38}},{"start":{"line":649,"column":42},"end":{"line":649,"column":49}}],"line":649},"59":{"loc":{"start":{"line":664,"column":10},"end":{"line":667,"column":11}},"type":"if","locations":[{"start":{"line":664,"column":10},"end":{"line":667,"column":11}},{"start":{},"end":{}}],"line":664},"60":{"loc":{"start":{"line":666,"column":12},"end":{"line":666,"column":48}},"type":"if","locations":[{"start":{"line":666,"column":12},"end":{"line":666,"column":48}},{"start":{},"end":{}}],"line":666},"61":{"loc":{"start":{"line":671,"column":8},"end":{"line":679,"column":9}},"type":"if","locations":[{"start":{"line":671,"column":8},"end":{"line":679,"column":9}},{"start":{},"end":{}}],"line":671},"62":{"loc":{"start":{"line":691,"column":10},"end":{"line":708,"column":11}},"type":"if","locations":[{"start":{"line":691,"column":10},"end":{"line":708,"column":11}},{"start":{"line":704,"column":17},"end":{"line":708,"column":11}}],"line":691},"63":{"loc":{"start":{"line":732,"column":24},"end":{"line":732,"column":49}},"type":"binary-expr","locations":[{"start":{"line":732,"column":24},"end":{"line":732,"column":38}},{"start":{"line":732,"column":42},"end":{"line":732,"column":49}}],"line":732},"64":{"loc":{"start":{"line":735,"column":6},"end":{"line":737,"column":7}},"type":"if","locations":[{"start":{"line":735,"column":6},"end":{"line":737,"column":7}},{"start":{},"end":{}}],"line":735},"65":{"loc":{"start":{"line":740,"column":25},"end":{"line":740,"column":49}},"type":"binary-expr","locations":[{"start":{"line":740,"column":25},"end":{"line":740,"column":43}},{"start":{"line":740,"column":47},"end":{"line":740,"column":49}}],"line":740},"66":{"loc":{"start":{"line":752,"column":10},"end":{"line":756,"column":11}},"type":"if","locations":[{"start":{"line":752,"column":10},"end":{"line":756,"column":11}},{"start":{},"end":{}}],"line":752},"67":{"loc":{"start":{"line":755,"column":12},"end":{"line":755,"column":49}},"type":"if","locations":[{"start":{"line":755,"column":12},"end":{"line":755,"column":49}},{"start":{},"end":{}}],"line":755},"68":{"loc":{"start":{"line":759,"column":8},"end":{"line":773,"column":9}},"type":"if","locations":[{"start":{"line":759,"column":8},"end":{"line":773,"column":9}},{"start":{},"end":{}}],"line":759}},"s":{"0":1,"1":1,"2":1,"3":1,"4":1,"5":1,"6":1,"7":1,"8":1,"9":1,"10":1,"11":1,"12":1,"13":1,"14":26,"15":1,"16":7,"17":7,"18":7,"19":1,"20":1,"21":6,"22":6,"23":1,"24":1,"25":5,"26":5,"27":1,"28":1,"29":4,"30":4,"31":4,"32":4,"33":1,"34":1,"35":3,"36":3,"37":3,"38":1,"39":1,"40":1,"41":2,"42":2,"43":2,"44":2,"45":1,"46":2,"47":3,"48":4,"49":1,"50":5,"51":5,"52":5,"53":5,"54":5,"55":1,"56":1,"57":4,"58":4,"59":4,"60":4,"61":1,"62":1,"63":3,"64":3,"65":3,"66":3,"67":3,"68":3,"69":3,"70":3,"71":4,"72":3,"73":3,"74":4,"75":2,"76":1,"77":7,"78":6,"79":6,"80":6,"81":6,"82":9,"83":9,"84":9,"85":9,"86":9,"87":6,"88":6,"89":6,"90":6,"91":6,"92":7,"93":6,"94":6,"95":7,"96":7,"97":0,"98":7,"99":7,"100":7,"101":7,"102":1,"103":6,"104":1,"105":5,"106":4,"107":4,"108":2,"109":3,"110":6,"111":6,"112":6,"113":1,"114":1,"115":5,"116":5,"117":5,"118":5,"119":5,"120":7,"121":5,"122":7,"123":7,"124":6,"125":1,"126":1,"127":2,"128":2,"129":2,"130":2,"131":2,"132":2,"133":1,"134":1,"135":1,"136":1,"137":1,"138":1,"139":1,"140":0,"141":0,"142":0,"143":0,"144":0,"145":0,"146":0,"147":0,"148":0,"149":0,"150":0,"151":0,"152":0,"153":0,"154":0,"155":0,"156":0,"157":0,"158":0,"159":0,"160":2,"161":1,"162":3,"163":3,"164":3,"165":3,"166":3,"167":3,"168":2,"169":2,"170":2,"171":2,"172":2,"173":2,"174":0,"175":0,"176":0,"177":0,"178":0,"179":0,"180":0,"181":0,"182":0,"183":0,"184":0,"185":0,"186":0,"187":0,"188":0,"189":0,"190":0,"191":0,"192":0,"193":0,"194":0,"195":0,"196":0,"197":0,"198":0,"199":0,"200":0,"201":0,"202":0,"203":0,"204":0,"205":0,"206":0,"207":0,"208":0,"209":0,"210":0,"211":3,"212":1,"213":11,"214":11,"215":2,"216":2,"217":2,"218":9,"219":9,"220":9,"221":9,"222":2,"223":2,"224":2,"225":7,"226":7,"227":7,"228":7,"229":7,"230":1,"231":1,"232":1,"233":6,"234":6,"235":3,"236":2,"237":2,"238":1,"239":2,"240":2,"241":3,"242":2,"243":2,"244":2,"245":2,"246":2,"247":1,"248":2,"249":2,"250":5,"251":1,"252":1,"253":1,"254":6,"255":6,"256":6,"257":6,"258":6,"259":6,"260":6,"261":6,"262":6,"263":6,"264":6,"265":6,"266":6,"267":2,"268":2,"269":2,"270":1,"271":1,"272":1,"273":6,"274":1,"275":1,"276":6,"277":6,"278":24,"279":24,"280":6,"281":1,"282":1,"283":1,"284":1,"285":1,"286":1,"287":1,"288":18,"289":4,"290":18,"291":6,"292":5,"293":1,"294":6,"295":6,"296":6,"297":1,"298":1,"299":1,"300":1,"301":0,"302":1,"303":1,"304":1,"305":1,"306":1,"307":1,"308":1,"309":1,"310":1,"311":1,"312":1,"313":1,"314":1,"315":1,"316":0,"317":6,"318":1,"319":1,"320":1,"321":1,"322":1,"323":1,"324":1},"f":{"0":26,"1":7,"2":3,"3":4,"4":5,"5":4,"6":4,"7":7,"8":6,"9":6,"10":9,"11":6,"12":7,"13":7,"14":6,"15":2,"16":1,"17":0,"18":3,"19":2,"20":0,"21":0,"22":0,"23":0,"24":0,"25":11,"26":1,"27":1,"28":6,"29":1,"30":1,"31":4},"b":{"0":[7,6],"1":[1,6],"2":[7,7,7],"3":[1,5],"4":[1,4],"5":[4,0],"6":[1,3],"7":[3,0,0],"8":[1,2],"9":[1],"10":[1,4],"11":[4,0],"12":[4,0],"13":[1,3],"14":[3,0],"15":[1,0],"16":[0,6],"17":[2],"18":[6,0],"19":[6,0],"20":[0,7],"21":[7,0],"22":[1,6],"23":[1,5],"24":[4,1],"25":[4,2],"26":[2,2],"27":[3],"28":[1,5],"29":[6,6],"30":[1,0],"31":[1,0],"32":[1,0],"33":[0,0],"34":[0,0,0],"35":[0,0],"36":[0,0],"37":[0,0],"38":[0,0],"39":[0,0],"40":[2,0],"41":[2,0],"42":[2,0],"43":[0,0],"44":[0,0,0],"45":[0,0],"46":[0,0],"47":[0,0],"48":[0,0],"49":[0,0],"50":[0,0],"51":[2,9],"52":[11,10],"53":[2,7],"54":[9,8],"55":[1,6],"56":[3,3],"57":[2,1],"58":[6,0],"59":[1,1],"60":[1,0],"61":[1,5],"62":[6,18],"63":[1,0],"64":[0,1],"65":[1,0],"66":[1,0],"67":[1,0],"68":[1,0]},"_coverageSchema":"1a1c01bbd47fc00a2c39e90264f33305004495a9","hash":"82cb94d6f64d0974311fec9dd82db29bdebd1d98"}
}
