TN:
SF:index.js
FN:17,makeToken
FN:30,(anonymous_1)
FN:103,errorPage
FN:111,resultPage
FN:128,(anonymous_4)
FN:188,(anonymous_5)
FN:196,(anonymous_6)
FN:211,getCSTDateString
FN:223,getCSTDayOfWeek
FN:233,getCSTTimeString
FN:245,subtractMinutes
FN:258,getGroupNotifRecipients
FN:271,(anonymous_12)
FN:275,(anonymous_13)
FN:301,sendFcmNotifications
FN:345,(anonymous_15)
FN:354,(anonymous_16)
FN:387,(anonymous_17)
FN:420,(anonymous_18)
FN:428,(anonymous_19)
FN:467,(anonymous_20)
FN:479,(anonymous_21)
FN:481,(anonymous_22)
FN:484,(anonymous_23)
FN:494,(anonymous_24)
FN:518,(anonymous_25)
FN:567,(anonymous_26)
FN:601,(anonymous_27)
FN:631,(anonymous_28)
FN:695,(anonymous_29)
FN:699,(anonymous_30)
FN:706,(anonymous_31)
FNF:32
FNH:26
FNDA:26,makeToken
FNDA:7,(anonymous_1)
FNDA:3,errorPage
FNDA:4,resultPage
FNDA:5,(anonymous_4)
FNDA:4,(anonymous_5)
FNDA:4,(anonymous_6)
FNDA:7,getCSTDateString
FNDA:6,getCSTDayOfWeek
FNDA:6,getCSTTimeString
FNDA:9,subtractMinutes
FNDA:6,getGroupNotifRecipients
FNDA:7,(anonymous_12)
FNDA:7,(anonymous_13)
FNDA:6,sendFcmNotifications
FNDA:2,(anonymous_15)
FNDA:1,(anonymous_16)
FNDA:0,(anonymous_17)
FNDA:3,(anonymous_18)
FNDA:2,(anonymous_19)
FNDA:0,(anonymous_20)
FNDA:0,(anonymous_21)
FNDA:0,(anonymous_22)
FNDA:0,(anonymous_23)
FNDA:0,(anonymous_24)
FNDA:11,(anonymous_25)
FNDA:1,(anonymous_26)
FNDA:1,(anonymous_27)
FNDA:6,(anonymous_28)
FNDA:1,(anonymous_29)
FNDA:1,(anonymous_30)
FNDA:4,(anonymous_31)
DA:1,1
DA:2,1
DA:3,1
DA:4,1
DA:5,1
DA:6,1
DA:7,1
DA:8,1
DA:9,1
DA:11,1
DA:12,1
DA:13,1
DA:14,1
DA:15,1
DA:18,26
DA:26,1
DA:31,7
DA:32,7
DA:34,7
DA:35,1
DA:36,1
DA:39,6
DA:40,6
DA:41,1
DA:42,1
DA:45,5
DA:46,5
DA:47,1
DA:48,1
DA:50,4
DA:52,4
DA:57,4
DA:59,4
DA:60,1
DA:61,1
DA:64,3
DA:65,3
DA:67,3
DA:68,1
DA:69,1
DA:70,1
DA:74,2
DA:84,2
DA:87,2
DA:88,2
DA:90,1
DA:93,2
DA:104,3
DA:112,4
DA:123,1
DA:129,5
DA:130,5
DA:131,5
DA:133,5
DA:134,5
DA:135,1
DA:136,1
DA:138,4
DA:139,4
DA:140,4
DA:142,4
DA:143,1
DA:144,1
DA:147,3
DA:149,3
DA:150,3
DA:153,3
DA:154,3
DA:155,3
DA:157,3
DA:188,4
DA:195,3
DA:196,4
DA:197,2
DA:201,1
DA:212,7
DA:224,6
DA:225,6
DA:227,6
DA:234,6
DA:246,9
DA:247,9
DA:248,9
DA:249,9
DA:250,9
DA:260,6
DA:267,6
DA:268,6
DA:270,6
DA:271,7
DA:274,6
DA:275,6
DA:276,7
DA:277,7
DA:278,7
DA:279,7
DA:280,7
DA:281,7
DA:282,6
DA:285,5
DA:286,4
DA:287,4
DA:290,3
DA:293,6
DA:294,6
DA:302,6
DA:303,1
DA:304,1
DA:307,5
DA:308,5
DA:309,5
DA:310,5
DA:311,7
DA:314,5
DA:315,7
DA:316,7
DA:329,6
DA:333,1
DA:340,1
DA:346,2
DA:347,2
DA:348,2
DA:350,2
DA:353,2
DA:354,2
DA:355,1
DA:356,1
DA:357,1
DA:358,1
DA:361,1
DA:363,1
DA:366,0
DA:371,0
DA:372,0
DA:373,0
DA:374,0
DA:378,0
DA:379,0
DA:380,0
DA:382,0
DA:383,0
DA:386,0
DA:387,0
DA:390,0
DA:391,0
DA:392,0
DA:393,0
DA:395,0
DA:403,0
DA:404,0
DA:409,2
DA:415,1
DA:421,3
DA:422,3
DA:423,3
DA:425,3
DA:427,3
DA:428,3
DA:429,2
DA:430,2
DA:431,2
DA:432,2
DA:434,2
DA:437,0
DA:442,0
DA:443,0
DA:444,0
DA:445,0
DA:449,0
DA:452,0
DA:460,0
DA:461,0
DA:462,0
DA:466,0
DA:467,0
DA:468,0
DA:469,0
DA:470,0
DA:473,0
DA:474,0
DA:475,0
DA:479,0
DA:480,0
DA:481,0
DA:482,0
DA:483,0
DA:484,0
DA:487,0
DA:488,0
DA:489,0
DA:490,0
DA:493,0
DA:494,0
DA:496,0
DA:503,0
DA:508,3
DA:514,1
DA:520,11
DA:521,11
DA:522,2
DA:523,2
DA:524,2
DA:527,9
DA:528,9
DA:529,9
DA:531,9
DA:532,2
DA:533,2
DA:534,2
DA:537,7
DA:539,7
DA:540,7
DA:541,7
DA:543,7
DA:544,1
DA:545,1
DA:546,1
DA:549,6
DA:552,6
DA:554,3
DA:561,2
DA:567,2
DA:568,1
DA:576,2
DA:578,2
DA:583,3
DA:584,2
DA:585,2
DA:588,2
DA:595,2
DA:601,2
DA:602,1
DA:609,2
DA:611,2
DA:616,5
DA:618,1
DA:619,1
DA:626,1
DA:632,6
DA:633,6
DA:635,6
DA:638,6
DA:644,6
DA:646,6
DA:647,6
DA:648,6
DA:649,6
DA:651,6
DA:653,6
DA:660,6
DA:661,6
DA:662,2
DA:663,2
DA:664,2
DA:665,1
DA:666,1
DA:671,6
DA:672,1
DA:678,1
DA:682,6
DA:683,6
DA:684,24
DA:691,24
DA:692,6
DA:694,1
DA:695,1
DA:698,1
DA:699,1
DA:702,1
DA:706,18
DA:707,18
DA:712,6
DA:713,5
DA:715,1
DA:720,6
DA:727,6
DA:729,6
DA:730,1
DA:731,1
DA:732,1
DA:735,1
DA:736,0
DA:739,1
DA:740,1
DA:741,1
DA:744,1
DA:746,1
DA:752,1
DA:753,1
DA:754,1
DA:755,1
DA:759,1
DA:760,1
DA:768,1
DA:772,1
DA:775,0
DA:779,6
DA:784,1
DA:785,1
DA:786,1
DA:787,1
DA:788,1
DA:789,1
DA:790,1
LF:304
LH:251
BRDA:32,0,0,7
BRDA:32,0,1,6
BRDA:34,1,0,1
BRDA:34,1,1,6
BRDA:34,2,0,7
BRDA:34,2,1,7
BRDA:34,2,2,7
BRDA:40,3,0,1
BRDA:40,3,1,5
BRDA:46,4,0,1
BRDA:46,4,1,4
BRDA:50,5,0,4
BRDA:50,5,1,0
BRDA:59,6,0,1
BRDA:59,6,1,3
BRDA:65,7,0,3
BRDA:65,7,1,0
BRDA:65,7,2,0
BRDA:67,8,0,1
BRDA:67,8,1,2
BRDA:111,9,0,1
BRDA:134,10,0,1
BRDA:134,10,1,4
BRDA:139,11,0,4
BRDA:139,11,1,0
BRDA:140,12,0,4
BRDA:140,12,1,0
BRDA:142,13,0,1
BRDA:142,13,1,3
BRDA:173,14,0,3
BRDA:173,14,1,0
BRDA:201,15,0,1
BRDA:201,15,1,0
BRDA:227,16,0,0
BRDA:227,16,1,6
BRDA:258,17,0,2
BRDA:268,18,0,6
BRDA:268,18,1,0
BRDA:268,19,0,6
BRDA:268,19,1,0
BRDA:277,20,0,0
BRDA:277,20,1,7
BRDA:279,21,0,7
BRDA:279,21,1,0
BRDA:281,22,0,1
BRDA:281,22,1,6
BRDA:282,23,0,1
BRDA:282,23,1,5
BRDA:285,24,0,4
BRDA:285,24,1,1
BRDA:286,25,0,4
BRDA:286,25,1,2
BRDA:287,26,0,2
BRDA:287,26,1,2
BRDA:301,27,0,3
BRDA:302,28,0,1
BRDA:302,28,1,5
BRDA:302,29,0,6
BRDA:302,29,1,6
BRDA:357,30,0,1
BRDA:357,30,1,0
BRDA:358,31,0,1
BRDA:358,31,1,0
BRDA:363,32,0,1
BRDA:363,32,1,0
BRDA:372,33,0,0
BRDA:372,33,1,0
BRDA:372,34,0,0
BRDA:372,34,1,0
BRDA:372,34,2,0
BRDA:379,35,0,0
BRDA:379,35,1,0
BRDA:386,36,0,0
BRDA:386,36,1,0
BRDA:391,37,0,0
BRDA:391,37,1,0
BRDA:392,38,0,0
BRDA:392,38,1,0
BRDA:392,39,0,0
BRDA:392,39,1,0
BRDA:431,40,0,2
BRDA:431,40,1,0
BRDA:432,41,0,2
BRDA:432,41,1,0
BRDA:434,42,0,2
BRDA:434,42,1,0
BRDA:443,43,0,0
BRDA:443,43,1,0
BRDA:443,44,0,0
BRDA:443,44,1,0
BRDA:443,44,2,0
BRDA:460,45,0,0
BRDA:460,45,1,0
BRDA:469,46,0,0
BRDA:469,46,1,0
BRDA:470,47,0,0
BRDA:470,47,1,0
BRDA:473,48,0,0
BRDA:473,48,1,0
BRDA:488,49,0,0
BRDA:488,49,1,0
BRDA:493,50,0,0
BRDA:493,50,1,0
BRDA:521,51,0,2
BRDA:521,51,1,9
BRDA:521,52,0,11
BRDA:521,52,1,10
BRDA:531,53,0,2
BRDA:531,53,1,7
BRDA:531,54,0,9
BRDA:531,54,1,8
BRDA:543,55,0,1
BRDA:543,55,1,6
BRDA:552,56,0,3
BRDA:552,56,1,3
BRDA:583,57,0,2
BRDA:583,57,1,1
BRDA:649,58,0,6
BRDA:649,58,1,0
BRDA:664,59,0,1
BRDA:664,59,1,1
BRDA:666,60,0,1
BRDA:666,60,1,0
BRDA:671,61,0,1
BRDA:671,61,1,5
BRDA:691,62,0,6
BRDA:691,62,1,18
BRDA:732,63,0,1
BRDA:732,63,1,0
BRDA:735,64,0,0
BRDA:735,64,1,1
BRDA:740,65,0,1
BRDA:740,65,1,0
BRDA:752,66,0,1
BRDA:752,66,1,0
BRDA:755,67,0,1
BRDA:755,67,1,0
BRDA:759,68,0,1
BRDA:759,68,1,0
BRF:139
BRH:81
end_of_record
